<?xml version="1.0" encoding="UTF-8"?>
<testsuite xmlns:xsi="http://www.w3.org/2001/XMLSchema-instance" xsi:noNamespaceSchemaLocation="https://maven.apache.org/surefire/maven-surefire-plugin/xsd/surefire-test-report-3.0.xsd" version="3.0" name="com.example.ViewTasksTest" time="0.07" tests="1" errors="0" skipped="0" failures="0">
  <properties>
[...]
</properties>
  <testcase name="testTaskMissingDate" classname="com.example.ViewTasksTest" time="0.046">
    <system-out><![CDATA[Setting up a fresh tasks list for test
Clearing tasks list after test
]]></system-out>
  </testcase>
</testsuite>