<?xml version="1.0" encoding="UTF-8"?>
<testsuite xmlns:xsi="http://www.w3.org/2001/XMLSchema-instance" xsi:noNamespaceSchemaLocation="https://maven.apache.org/surefire/maven-surefire-plugin/xsd/surefire-test-report-3.0.xsd" version="3.0" name="com.devopsapp.EditTaskTest" time="0.083" tests="5" errors="0" skipped="0" failures="0">
  <properties>
[...]
</properties>
  <testcase name="testKeepExistingValues" classname="com.devopsapp.EditTaskTest" time="0.044">
    <system-out><![CDATA[Current Tasks:
1. Buy groceries | 10-02-2026
Enter task number to edit: Current Task: Buy groceries
Current Date: 10-02-2026
Enter updated task (leave blank to keep same): Enter updated date (YYYY-MM-DD, leave blank to keep same): Task and date updated successfully.
]]></system-out>
  </testcase>
  <testcase name="testEmptyTaskList" classname="com.devopsapp.EditTaskTest" time="0.002">
    <system-out><![CDATA[No tasks available to edit.
]]></system-out>
  </testcase>
  <testcase name="testSuccessfulUpdate" classname="com.devopsapp.EditTaskTest" time="0.005">
    <system-out><![CDATA[Current Tasks:
1. Buy groceries | 10-02-2026
Enter task number to edit: Current Task: Buy groceries
Current Date: 10-02-2026
Enter updated task (leave blank to keep same): Enter updated date (YYYY-MM-DD, leave blank to keep same): Task and date updated successfully.
]]></system-out>
  </testcase>
  <testcase name="testInvalidDateFormat" classname="com.devopsapp.EditTaskTest" time="0.003">
    <system-out><![CDATA[Current Tasks:
1. Buy groceries | 10-02-2026
Enter task number to edit: Current Task: Buy groceries
Current Date: 10-02-2026
Enter updated task (leave blank to keep same): Enter updated date (YYYY-MM-DD, leave blank to keep same): Invalid date format. Keeping previous date.
Task and date updated successfully.
]]></system-out>
  </testcase>
  <testcase name="testInvalidIndex" classname="com.devopsapp.EditTaskTest" time="0.007">
    <system-out><![CDATA[Current Tasks:
1. Buy groceries | 10-02-2026
Enter task number to edit: Invalid task number.
]]></system-out>
  </testcase>
</testsuite>